<?xml version="1.0" encoding="utf-8" standalone="no"?>
<!--This file represents the results of running a test suite-->
<test-results name="LinkedListImplementation.exe" total="1" failures="1" not-run="0" date="2016-11-04" time="20:25:14">
  <environment nunit-version="2.4.8.0" clr-version="4.0.30319.17020" os-version="Unix 15.6.0.0" platform="Unix" cwd="/Users/robertsandor/Documents/C#Practice" machine-name="Roberts-MacBook-Pro-2.local" user="robertsandor" user-domain="Roberts-MacBook-Pro-2.local" />
  <culture-info current-culture="en-US" current-uiculture="en-US" />
  <test-suite name="LinkedListImplementation.exe" success="False" time="0.064" asserts="0">
    <results>
      <test-suite name="SimpleDataStructures" success="False" time="0.061" asserts="0">
        <results>
          <test-suite name="LinkedListTestClass" success="False" time="0.010" asserts="0">
            <results>
              <test-case name="SimpleDataStructures.LinkedListTestClass.ConstructorTest" executed="True" success="False" time="0.008" asserts="0">
                <failure>
                  <message><![CDATA[Assert.Equals should not be used for Assertions]]></message>
                  <stack-trace><![CDATA[at SimpleDataStructures.LinkedListTestClass.ConstructorTest () <0x3249fe8 + 0x00083> in <filename unknown>:0
at (wrapper managed-to-native) System.Reflection.MonoMethod:InternalInvoke (System.Reflection.MonoMethod,object,object[],System.Exception&)
at System.Reflection.MonoMethod.Invoke (System.Object obj, BindingFlags invokeAttr, System.Reflection.Binder binder, System.Object[] parameters, System.Globalization.CultureInfo culture) [0x00038] in /private/tmp/source-mono-mac-4.2.0-branch-64/bockbuild-mono-4.2.0-branch/profiles/mono-mac-xamarin/build-root/mono-4.2.1-x86/mcs/class/corlib/System.Reflection/MonoMethod.cs:295
]]></stack-trace>
                </failure>
              </test-case>
            </results>
          </test-suite>
        </results>
      </test-suite>
    </results>
  </test-suite>
</test-results>