<?xml version="1.0" encoding="utf-8" standalone="no"?>
<!--This file represents the results of running a test suite-->
<test-results name="DoublyLinkedListImplementation.exe" total="1" failures="1" not-run="0" date="2016-12-20" time="18:34:26">
  <environment nunit-version="2.4.8.0" clr-version="4.0.30319.17020" os-version="Unix 15.6.0.0" platform="Unix" cwd="/Users/robertsandor/Documents/C#Practice" machine-name="Roberts-MacBook-Pro-2.local" user="robertsandor" user-domain="Roberts-MacBook-Pro-2.local" />
  <culture-info current-culture="en-US" current-uiculture="en-US" />
  <test-suite name="DoublyLinkedListImplementation.exe" success="False" time="0.016" asserts="0">
    <results>
      <test-suite name="SimpleDataStructures" success="False" time="0.015" asserts="0">
        <results>
          <test-suite name="DoublyLinkedListTestClass`1" success="False" time="0.005" asserts="0">
            <failure>
              <message><![CDATA[System.MemberAccessException : Cannot create an instance of SimpleDataStructures.DoublyLinkedListTestClass`1[TList] because Type.ContainsGenericParameters is true.]]></message>
              <stack-trace><![CDATA[at System.Reflection.MonoCMethod.DoInvoke (System.Object obj, BindingFlags invokeAttr, System.Reflection.Binder binder, System.Object[] parameters, System.Globalization.CultureInfo culture) [0x00089] in /private/tmp/source-mono-mac-4.2.0-branch-64/bockbuild-mono-4.2.0-branch/profiles/mono-mac-xamarin/build-root/mono-4.2.1-x86/mcs/class/corlib/System.Reflection/MonoMethod.cs:635
at System.Reflection.MonoCMethod.Invoke (BindingFlags invokeAttr, System.Reflection.Binder binder, System.Object[] parameters, System.Globalization.CultureInfo culture) [0x00000] in /private/tmp/source-mono-mac-4.2.0-branch-64/bockbuild-mono-4.2.0-branch/profiles/mono-mac-xamarin/build-root/mono-4.2.1-x86/mcs/class/corlib/System.Reflection/MonoMethod.cs:663
at System.Reflection.ConstructorInfo.Invoke (System.Object[] parameters) [0x00000] in /private/tmp/source-mono-mac-4.2.0-branch-64/bockbuild-mono-4.2.0-branch/profiles/mono-mac-xamarin/build-root/mono-4.2.1-x86/mcs/class/corlib/System.Reflection/ConstructorInfo.cs:62
at NUnit.Core.Reflect.Construct (System.Type type) [0x00029] in /private/tmp/source-mono-mac-4.2.0-branch-64/bockbuild-mono-4.2.0-branch/profiles/mono-mac-xamarin/build-root/mono-4.2.1-x86/mcs/nunit24/NUnitCore/core/Reflect.cs:387
]]></stack-trace>
            </failure>
            <results>
              <test-case name="SimpleDataStructures.DoublyLinkedListTestClass`1.ConstructorTest" executed="True" success="False" time="0.000" asserts="0">
                <failure>
                  <message><![CDATA[TestFixtureSetUp failed in DoublyLinkedListTestClass`1]]></message>
                  <stack-trace />
                </failure>
              </test-case>
            </results>
          </test-suite>
        </results>
      </test-suite>
    </results>
  </test-suite>
</test-results>