<?xml version="1.0" encoding="utf-8" standalone="no"?>
<!--This file represents the results of running a test suite-->
<test-results name="DoublyLinkedListImplementation.exe" total="2" failures="0" not-run="1" date="2016-12-06" time="01:19:10">
  <environment nunit-version="2.4.8.0" clr-version="4.0.30319.17020" os-version="Unix 15.6.0.0" platform="Unix" cwd="/Users/robertsandor/Documents/C#Practice" machine-name="Roberts-MacBook-Pro-2.local" user="robertsandor" user-domain="Roberts-MacBook-Pro-2.local" />
  <culture-info current-culture="en-US" current-uiculture="en-US" />
  <test-suite name="DoublyLinkedListImplementation.exe" success="True" time="0.020" asserts="0">
    <results>
      <test-suite name="SimpleDataStructures" success="True" time="0.017" asserts="0">
        <results>
          <test-suite name="DoublyLinkedListTestClass" success="True" time="0.011" asserts="0">
            <results>
              <test-case name="SimpleDataStructures.DoublyLinkedListTestClass.A_ConstructorTest" executed="True" success="True" time="0.004" asserts="2" />
              <test-case name="SimpleDataStructures.DoublyLinkedListTestClass.AddToEndTest" executed="False">
                <reason>
                  <message><![CDATA[Ignoring this test for now.]]></message>
                </reason>
              </test-case>
              <test-case name="SimpleDataStructures.DoublyLinkedListTestClass.B_AddToFrontTest" executed="True" success="True" time="0.001" asserts="6" />
            </results>
          </test-suite>
        </results>
      </test-suite>
    </results>
  </test-suite>
</test-results>